#
# There is insufficient memory for the Java Runtime Environment to continue.
# Native memory allocation (malloc) failed to allocate 1067696 bytes for Chunk::new
# Possible reasons:
#   The system is out of physical RAM or swap space
#   The process is running with CompressedOops enabled, and the Java Heap may be blocking the growth of the native heap
# Possible solutions:
#   Reduce memory load on the system
#   Increase physical memory or swap space
#   Check if swap backing store is full
#   Decrease Java heap size (-Xmx/-Xms)
#   Decrease number of Java threads
#   Decrease Java thread stack sizes (-Xss)
#   Set larger code cache with -XX:ReservedCodeCacheSize=
#   JVM is running with Unscaled Compressed Oops mode in which the Java heap is
#     placed in the first 4GB address space. The Java Heap base address is the
#     maximum limit for the native heap growth. Please use -XX:HeapBaseMinAddress
#     to set the Java Heap base and to place the Java Heap above 4GB virtual address.
# This output file may be truncated or incomplete.
#
#  Out of Memory Error (arena.cpp:184), pid=9680, tid=9864
#
# JRE version: Java(TM) SE Runtime Environment (18.0.2+9) (build 18.0.2+9-61)
# Java VM: Java HotSpot(TM) 64-Bit Server VM (18.0.2+9-61, mixed mode, sharing, tiered, compressed oops, compressed class ptrs, g1 gc, windows-amd64)
# No core dump will be written. Minidumps are not enabled by default on client versions of Windows
#

---------------  S U M M A R Y ------------

Command Line: -javaagent:C:\Program Files\JetBrains\IntelliJ IDEA Community Edition 2023.3.2\lib\idea_rt.jar=52004:C:\Program Files\JetBrains\IntelliJ IDEA Community Edition 2023.3.2\bin -Dfile.encoding=UTF-8 -Dsun.stdout.encoding=UTF-8 -Dsun.stderr.encoding=UTF-8 net.javaguides.departmentservice.DepartmentServiceApplication

Host: Intel(R) Core(TM) i3-8130U CPU @ 2.20GHz, 4 cores, 3G,  Windows 11 , 64 bit Build 22621 (10.0.22621.2506)
Time: Mon Feb 12 08:24:02 2024 India Standard Time elapsed time: 30.607524 seconds (0d 0h 0m 30s)

---------------  T H R E A D  ---------------

Current thread (0x0000015bff73f6b0):  JavaThread "C2 CompilerThread0" daemon [_thread_in_native, id=9864, stack(0x00000006d8700000,0x00000006d8800000)]


Current CompileTask:
C2:  30607 7089       4       java.lang.invoke.MemberName::getMethodOrFieldType (72 bytes)

Stack: [0x00000006d8700000,0x00000006d8800000]
Native frames: (J=compiled Java code, j=interpreted, Vv=VM code, C=native code)
V  [jvm.dll+0x6993ca]
V  [jvm.dll+0x7f481d]
V  [jvm.dll+0x7f612e]
V  [jvm.dll+0x7f67e3]
V  [jvm.dll+0x25cdaf]
V  [jvm.dll+0xb8c2f]
V  [jvm.dll+0xb8fa5]
V  [jvm.dll+0x386091]
V  [jvm.dll+0x34fd01]
V  [jvm.dll+0x34f19a]
V  [jvm.dll+0x22ff51]
V  [jvm.dll+0x22f321]
V  [jvm.dll+0x1ba01c]
V  [jvm.dll+0x23ec9a]
V  [jvm.dll+0x23cf85]
V  [jvm.dll+0x7a6e21]
V  [jvm.dll+0x7a125a]
V  [jvm.dll+0x698275]
C  [ucrtbase.dll+0x29363]
C  [KERNEL32.DLL+0x1257d]
C  [ntdll.dll+0x5aa58]


---------------  P R O C E S S  ---------------

Threads class SMR info:
_java_thread_list=0x0000015b996c87b0, length=22, elements={
0x0000015bf5473380, 0x0000015bff7233b0, 0x0000015bff724010, 0x0000015bff73cd00,
0x0000015bff73d6a0, 0x0000015bff73e040, 0x0000015bff73e9e0, 0x0000015bff73f6b0,
0x0000015bff7420a0, 0x0000015bff756520, 0x0000015b97284a90, 0x0000015b9736de90,
0x0000015b9736e350, 0x0000015b98b34010, 0x0000015b98312c90, 0x0000015b98311480,
0x0000015b9931b670, 0x0000015b99315630, 0x0000015b99318650, 0x0000015b9931c9b0,
0x0000015b99317310, 0x0000015b9931acd0
}

Java Threads: ( => current thread )
  0x0000015bf5473380 JavaThread "main" [_thread_in_vm, id=30608, stack(0x00000006d7a00000,0x00000006d7b00000)]
  0x0000015bff7233b0 JavaThread "Reference Handler" daemon [_thread_blocked, id=5700, stack(0x00000006d8100000,0x00000006d8200000)]
  0x0000015bff724010 JavaThread "Finalizer" daemon [_thread_blocked, id=15568, stack(0x00000006d8200000,0x00000006d8300000)]
  0x0000015bff73cd00 JavaThread "Signal Dispatcher" daemon [_thread_blocked, id=23808, stack(0x00000006d8300000,0x00000006d8400000)]
  0x0000015bff73d6a0 JavaThread "Attach Listener" daemon [_thread_blocked, id=7564, stack(0x00000006d8400000,0x00000006d8500000)]
  0x0000015bff73e040 JavaThread "Service Thread" daemon [_thread_blocked, id=9992, stack(0x00000006d8500000,0x00000006d8600000)]
  0x0000015bff73e9e0 JavaThread "Monitor Deflation Thread" daemon [_thread_blocked, id=8936, stack(0x00000006d8600000,0x00000006d8700000)]
=>0x0000015bff73f6b0 JavaThread "C2 CompilerThread0" daemon [_thread_in_native, id=9864, stack(0x00000006d8700000,0x00000006d8800000)]
  0x0000015bff7420a0 JavaThread "C1 CompilerThread0" daemon [_thread_blocked, id=416, stack(0x00000006d8800000,0x00000006d8900000)]
  0x0000015bff756520 JavaThread "Sweeper thread" daemon [_thread_blocked, id=15120, stack(0x00000006d8900000,0x00000006d8a00000)]
  0x0000015b97284a90 JavaThread "Common-Cleaner" daemon [_thread_blocked, id=33488, stack(0x00000006d8a00000,0x00000006d8b00000)]
  0x0000015b9736de90 JavaThread "Monitor Ctrl-Break" daemon [_thread_in_native, id=9996, stack(0x00000006d8b00000,0x00000006d8c00000)]
  0x0000015b9736e350 JavaThread "Notification Thread" daemon [_thread_blocked, id=32844, stack(0x00000006d8c00000,0x00000006d8d00000)]
  0x0000015b98b34010 JavaThread "Keep-Alive-Timer" daemon [_thread_blocked, id=24508, stack(0x00000006d9200000,0x00000006d9300000)]
  0x0000015b98312c90 JavaThread "mysql-cj-abandoned-connection-cleanup" daemon [_thread_blocked, id=7500, stack(0x00000006d9400000,0x00000006d9500000)]
  0x0000015b98311480 JavaThread "pool-1-thread-1" [_thread_blocked, id=9776, stack(0x00000006d9500000,0x00000006d9600000)]
  0x0000015b9931b670 JavaThread "spring.cloud.inetutils" daemon [_thread_blocked, id=33428, stack(0x00000006d9600000,0x00000006d9700000)]
  0x0000015b99315630 JavaThread "Catalina-utility-1" [_thread_blocked, id=16860, stack(0x00000006d9700000,0x00000006d9800000)]
  0x0000015b99318650 JavaThread "Catalina-utility-2" [_thread_blocked, id=22652, stack(0x00000006d9800000,0x00000006d9900000)]
  0x0000015b9931c9b0 JavaThread "container-0" [_thread_blocked, id=31512, stack(0x00000006d9900000,0x00000006d9a00000)]
  0x0000015b99317310 JavaThread "HikariPool-1 housekeeper" daemon [_thread_blocked, id=16060, stack(0x00000006d9a00000,0x00000006d9b00000)]
  0x0000015b9931acd0 JavaThread "HikariPool-1 connection adder" daemon [_thread_blocked, id=13072, stack(0x00000006d9b00000,0x00000006d9c00000)]

Other Threads:
  0x0000015bf550e210 VMThread "VM Thread" [stack: 0x00000006d8000000,0x00000006d8100000] [id=880]
  0x0000015b9736f4a0 WatcherThread "VM Periodic Task Thread" [stack: 0x00000006d8d00000,0x00000006d8e00000] [id=13036]
  0x0000015bf54b4e10 WorkerThread "GC Thread#0" [stack: 0x00000006d7b00000,0x00000006d7c00000] [id=28812]
  0x0000015b97983d90 WorkerThread "GC Thread#1" [stack: 0x00000006d8e00000,0x00000006d8f00000] [id=25560]
  0x0000015b97a01860 WorkerThread "GC Thread#2" [stack: 0x00000006d8f00000,0x00000006d9000000] [id=26600]
  0x0000015b97a01b00 WorkerThread "GC Thread#3" [stack: 0x00000006d9000000,0x00000006d9100000] [id=26172]
  0x0000015bf54bda80 ConcurrentGCThread "G1 Main Marker" [stack: 0x00000006d7c00000,0x00000006d7d00000] [id=23848]
  0x0000015bf54bf480 WorkerThread "G1 Conc#0" [stack: 0x00000006d7d00000,0x00000006d7e00000] [id=31196]
  0x0000015bf54e66c0 ConcurrentGCThread "G1 Refine#0" [stack: 0x00000006d7e00000,0x00000006d7f00000] [id=30824]
  0x0000015b9865db60 ConcurrentGCThread "G1 Refine#1" [stack: 0x00000006d9300000,0x00000006d9400000] [id=1108]
  0x0000015bf54e6fd0 ConcurrentGCThread "G1 Service" [stack: 0x00000006d7f00000,0x00000006d8000000] [id=16832]

Threads with active compile tasks:
C2 CompilerThread0    30742 7089       4       java.lang.invoke.MemberName::getMethodOrFieldType (72 bytes)

VM state: not at safepoint (normal execution)

VM Mutex/Monitor currently owned by a thread: None

Heap address: 0x00000000c1600000, size: 1002 MB, Compressed Oops mode: 32-bit

CDS archive(s) mapped at: [0x0000000800000000-0x0000000800ba0000-0x0000000800ba0000), size 12189696, SharedBaseAddress: 0x0000000800000000, ArchiveRelocationMode: 0.
Compressed class space mapped at: 0x0000000800c00000-0x0000000840c00000, reserved size: 1073741824
Narrow klass base: 0x0000000800000000, Narrow klass shift: 0, Narrow klass range: 0x100000000

GC Precious Log:
 CardTable entry size: 512
 Card Set container configuration: InlinePtr #cards 5 size 8 Array Of Cards #cards 12 size 40 Howl #buckets 4 coarsen threshold 1843 Howl Bitmap #cards 512 size 80 coarsen threshold 460 Card regions per heap region 1 cards per card region 2048
 CPUs: 4 total, 4 available
 Memory: 4001M
 Large Page Support: Disabled
 NUMA Support: Disabled
 Compressed Oops: Enabled (32-bit)
 Heap Region Size: 1M
 Heap Min Capacity: 8M
 Heap Initial Capacity: 64M
 Heap Max Capacity: 1002M
 Pre-touch: Disabled
 Parallel Workers: 4
 Concurrent Workers: 1
 Concurrent Refinement Workers: 4
 Periodic GC: Disabled

Heap:
 garbage-first heap   total 84992K, used 49455K [0x00000000c1600000, 0x0000000100000000)
  region size 1024K, 11 young (11264K), 1 survivors (1024K)
 Metaspace       used 67952K, committed 68544K, reserved 1114112K
  class space    used 9080K, committed 9344K, reserved 1048576K

Heap Regions: E=young(eden), S=young(survivor), O=old, HS=humongous(starts), HC=humongous(continues), CS=collection set, F=free, OA=open archive, CA=closed archive, TAMS=top-at-mark-start (previous, next)
|   0|0x00000000c1600000, 0x00000000c1700000, 0x00000000c1700000|100%|HS|  |TAMS 0x00000000c1700000, 0x00000000c1600000| Complete 
|   1|0x00000000c1700000, 0x00000000c1800000, 0x00000000c1800000|100%| O|  |TAMS 0x00000000c1800000, 0x00000000c1700000| Untracked 
|   2|0x00000000c1800000, 0x00000000c1900000, 0x00000000c1900000|100%| O|  |TAMS 0x00000000c1900000, 0x00000000c1800000| Untracked 
|   3|0x00000000c1900000, 0x00000000c1a00000, 0x00000000c1a00000|100%| O|  |TAMS 0x00000000c1a00000, 0x00000000c1900000| Untracked 
|   4|0x00000000c1a00000, 0x00000000c1b00000, 0x00000000c1b00000|100%| O|  |TAMS 0x00000000c1b00000, 0x00000000c1a00000| Untracked 
|   5|0x00000000c1b00000, 0x00000000c1c00000, 0x00000000c1c00000|100%| O|  |TAMS 0x00000000c1c00000, 0x00000000c1b00000| Untracked 
|   6|0x00000000c1c00000, 0x00000000c1d00000, 0x00000000c1d00000|100%| O|  |TAMS 0x00000000c1d00000, 0x00000000c1c00000| Untracked 
|   7|0x00000000c1d00000, 0x00000000c1e00000, 0x00000000c1e00000|100%| O|  |TAMS 0x00000000c1e00000, 0x00000000c1d00000| Untracked 
|   8|0x00000000c1e00000, 0x00000000c1f00000, 0x00000000c1f00000|100%| O|  |TAMS 0x00000000c1f00000, 0x00000000c1e00000| Untracked 
|   9|0x00000000c1f00000, 0x00000000c2000000, 0x00000000c2000000|100%| O|  |TAMS 0x00000000c2000000, 0x00000000c1f00000| Untracked 
|  10|0x00000000c2000000, 0x00000000c2000000, 0x00000000c2100000|  0%| F|  |TAMS 0x00000000c2000000, 0x00000000c2000000| Untracked 
|  11|0x00000000c2100000, 0x00000000c2200000, 0x00000000c2200000|100%| O|  |TAMS 0x00000000c2200000, 0x00000000c2100000| Untracked 
|  12|0x00000000c2200000, 0x00000000c2300000, 0x00000000c2300000|100%| O|  |TAMS 0x00000000c2300000, 0x00000000c2200000| Untracked 
|  13|0x00000000c2300000, 0x00000000c2400000, 0x00000000c2400000|100%| O|  |TAMS 0x00000000c2400000, 0x00000000c2300000| Untracked 
|  14|0x00000000c2400000, 0x00000000c2500000, 0x00000000c2500000|100%| O|  |TAMS 0x00000000c2500000, 0x00000000c2400000| Untracked 
|  15|0x00000000c2500000, 0x00000000c2600000, 0x00000000c2600000|100%| O|  |TAMS 0x00000000c2600000, 0x00000000c2500000| Untracked 
|  16|0x00000000c2600000, 0x00000000c2700000, 0x00000000c2700000|100%| O|  |TAMS 0x00000000c2700000, 0x00000000c2600000| Untracked 
|  17|0x00000000c2700000, 0x00000000c2800000, 0x00000000c2800000|100%| O|  |TAMS 0x00000000c2800000, 0x00000000c2700000| Untracked 
|  18|0x00000000c2800000, 0x00000000c2900000, 0x00000000c2900000|100%| O|  |TAMS 0x00000000c2900000, 0x00000000c2800000| Untracked 
|  19|0x00000000c2900000, 0x00000000c2a00000, 0x00000000c2a00000|100%| O|  |TAMS 0x00000000c2a00000, 0x00000000c2900000| Untracked 
|  20|0x00000000c2a00000, 0x00000000c2b00000, 0x00000000c2b00000|100%| O|  |TAMS 0x00000000c2b00000, 0x00000000c2a00000| Untracked 
|  21|0x00000000c2b00000, 0x00000000c2c00000, 0x00000000c2c00000|100%| O|  |TAMS 0x00000000c2c00000, 0x00000000c2b00000| Untracked 
|  22|0x00000000c2c00000, 0x00000000c2d00000, 0x00000000c2d00000|100%| O|  |TAMS 0x00000000c2d00000, 0x00000000c2c00000| Untracked 
|  23|0x00000000c2d00000, 0x00000000c2e00000, 0x00000000c2e00000|100%| O|  |TAMS 0x00000000c2e00000, 0x00000000c2d00000| Untracked 
|  24|0x00000000c2e00000, 0x00000000c2f00000, 0x00000000c2f00000|100%| O|  |TAMS 0x00000000c2f00000, 0x00000000c2e00000| Untracked 
|  25|0x00000000c2f00000, 0x00000000c3000000, 0x00000000c3000000|100%| O|  |TAMS 0x00000000c3000000, 0x00000000c2f00000| Untracked 
|  26|0x00000000c3000000, 0x00000000c3100000, 0x00000000c3100000|100%| O|  |TAMS 0x00000000c3100000, 0x00000000c3000000| Untracked 
|  27|0x00000000c3100000, 0x00000000c3200000, 0x00000000c3200000|100%| O|  |TAMS 0x00000000c3200000, 0x00000000c3100000| Untracked 
|  28|0x00000000c3200000, 0x00000000c3300000, 0x00000000c3300000|100%| O|  |TAMS 0x00000000c3300000, 0x00000000c3200000| Untracked 
|  29|0x00000000c3300000, 0x00000000c3400000, 0x00000000c3400000|100%| O|  |TAMS 0x00000000c3400000, 0x00000000c3300000| Untracked 
|  30|0x00000000c3400000, 0x00000000c3500000, 0x00000000c3500000|100%| O|  |TAMS 0x00000000c3500000, 0x00000000c3400000| Untracked 
|  31|0x00000000c3500000, 0x00000000c3600000, 0x00000000c3600000|100%| O|  |TAMS 0x00000000c3600000, 0x00000000c3500000| Untracked 
|  32|0x00000000c3600000, 0x00000000c3700000, 0x00000000c3700000|100%| O|  |TAMS 0x00000000c3700000, 0x00000000c3600000| Untracked 
|  33|0x00000000c3700000, 0x00000000c3800000, 0x00000000c3800000|100%| O|  |TAMS 0x00000000c37eda00, 0x00000000c3700000| Untracked 
|  34|0x00000000c3800000, 0x00000000c3900000, 0x00000000c3900000|100%| O|  |TAMS 0x00000000c3800000, 0x00000000c3800000| Untracked 
|  35|0x00000000c3900000, 0x00000000c3a00000, 0x00000000c3a00000|100%| O|  |TAMS 0x00000000c3900000, 0x00000000c3900000| Untracked 
|  36|0x00000000c3a00000, 0x00000000c3b00000, 0x00000000c3b00000|100%| O|  |TAMS 0x00000000c3a00000, 0x00000000c3a00000| Untracked 
|  37|0x00000000c3b00000, 0x00000000c3c00000, 0x00000000c3c00000|100%| O|  |TAMS 0x00000000c3b00000, 0x00000000c3b00000| Untracked 
|  38|0x00000000c3c00000, 0x00000000c3d00000, 0x00000000c3d00000|100%| O|  |TAMS 0x00000000c3c00000, 0x00000000c3c00000| Untracked 
|  39|0x00000000c3d00000, 0x00000000c3e00000, 0x00000000c3e00000|100%| O|  |TAMS 0x00000000c3d00000, 0x00000000c3d00000| Untracked 
|  40|0x00000000c3e00000, 0x00000000c3ea7a00, 0x00000000c3f00000| 65%| O|  |TAMS 0x00000000c3e00000, 0x00000000c3e00000| Untracked 
|  41|0x00000000c3f00000, 0x00000000c3f00000, 0x00000000c4000000|  0%| F|  |TAMS 0x00000000c3f00000, 0x00000000c3f00000| Untracked 
|  42|0x00000000c4000000, 0x00000000c4000000, 0x00000000c4100000|  0%| F|  |TAMS 0x00000000c4000000, 0x00000000c4000000| Untracked 
|  43|0x00000000c4100000, 0x00000000c4100000, 0x00000000c4200000|  0%| F|  |TAMS 0x00000000c4100000, 0x00000000c4100000| Untracked 
|  44|0x00000000c4200000, 0x00000000c4200000, 0x00000000c4300000|  0%| F|  |TAMS 0x00000000c4200000, 0x00000000c4200000| Untracked 
|  45|0x00000000c4300000, 0x00000000c4300000, 0x00000000c4400000|  0%| F|  |TAMS 0x00000000c4300000, 0x00000000c4300000| Untracked 
|  46|0x00000000c4400000, 0x00000000c4400000, 0x00000000c4500000|  0%| F|  |TAMS 0x00000000c4400000, 0x00000000c4400000| Untracked 
|  47|0x00000000c4500000, 0x00000000c4500000, 0x00000000c4600000|  0%| F|  |TAMS 0x00000000c4500000, 0x00000000c4500000| Untracked 
|  48|0x00000000c4600000, 0x00000000c4600000, 0x00000000c4700000|  0%| F|  |TAMS 0x00000000c4600000, 0x00000000c4600000| Untracked 
|  49|0x00000000c4700000, 0x00000000c4700000, 0x00000000c4800000|  0%| F|  |TAMS 0x00000000c4700000, 0x00000000c4700000| Untracked 
|  50|0x00000000c4800000, 0x00000000c4800000, 0x00000000c4900000|  0%| F|  |TAMS 0x00000000c4800000, 0x00000000c4800000| Untracked 
|  51|0x00000000c4900000, 0x00000000c4900000, 0x00000000c4a00000|  0%| F|  |TAMS 0x00000000c4900000, 0x00000000c4900000| Untracked 
|  52|0x00000000c4a00000, 0x00000000c4a00000, 0x00000000c4b00000|  0%| F|  |TAMS 0x00000000c4a00000, 0x00000000c4a00000| Untracked 
|  53|0x00000000c4b00000, 0x00000000c4b00000, 0x00000000c4c00000|  0%| F|  |TAMS 0x00000000c4b00000, 0x00000000c4b00000| Untracked 
|  54|0x00000000c4c00000, 0x00000000c4c00000, 0x00000000c4d00000|  0%| F|  |TAMS 0x00000000c4c00000, 0x00000000c4c00000| Untracked 
|  55|0x00000000c4d00000, 0x00000000c4d00000, 0x00000000c4e00000|  0%| F|  |TAMS 0x00000000c4d00000, 0x00000000c4d00000| Untracked 
|  56|0x00000000c4e00000, 0x00000000c4e00000, 0x00000000c4f00000|  0%| F|  |TAMS 0x00000000c4e00000, 0x00000000c4e00000| Untracked 
|  57|0x00000000c4f00000, 0x00000000c4f00000, 0x00000000c5000000|  0%| F|  |TAMS 0x00000000c4f00000, 0x00000000c4f00000| Untracked 
|  58|0x00000000c5000000, 0x00000000c5000000, 0x00000000c5100000|  0%| F|  |TAMS 0x00000000c5000000, 0x00000000c5000000| Untracked 
|  59|0x00000000c5100000, 0x00000000c5100000, 0x00000000c5200000|  0%| F|  |TAMS 0x00000000c5100000, 0x00000000c5100000| Untracked 
|  60|0x00000000c5200000, 0x00000000c5200000, 0x00000000c5300000|  0%| F|  |TAMS 0x00000000c5200000, 0x00000000c5200000| Untracked 
|  61|0x00000000c5300000, 0x00000000c5300000, 0x00000000c5400000|  0%| F|  |TAMS 0x00000000c5300000, 0x00000000c5300000| Untracked 
|  62|0x00000000c5400000, 0x00000000c5400000, 0x00000000c5500000|  0%| F|  |TAMS 0x00000000c5400000, 0x00000000c5400000| Untracked 
|  63|0x00000000c5500000, 0x00000000c5500000, 0x00000000c5600000|  0%| F|  |TAMS 0x00000000c5500000, 0x00000000c5500000| Untracked 
|  64|0x00000000c5600000, 0x00000000c5600000, 0x00000000c5700000|  0%| F|  |TAMS 0x00000000c5600000, 0x00000000c5600000| Untracked 
|  65|0x00000000c5700000, 0x00000000c5700000, 0x00000000c5800000|  0%| F|  |TAMS 0x00000000c5700000, 0x00000000c5700000| Untracked 
|  66|0x00000000c5800000, 0x00000000c5800000, 0x00000000c5900000|  0%| F|  |TAMS 0x00000000c5800000, 0x00000000c5800000| Untracked 
|  67|0x00000000c5900000, 0x00000000c5900000, 0x00000000c5a00000|  0%| F|  |TAMS 0x00000000c5900000, 0x00000000c5900000| Untracked 
|  68|0x00000000c5a00000, 0x00000000c5a00000, 0x00000000c5b00000|  0%| F|  |TAMS 0x00000000c5a00000, 0x00000000c5a00000| Untracked 
|  69|0x00000000c5b00000, 0x00000000c5b00000, 0x00000000c5c00000|  0%| F|  |TAMS 0x00000000c5b00000, 0x00000000c5b00000| Untracked 
|  70|0x00000000c5c00000, 0x00000000c5c00000, 0x00000000c5d00000|  0%| F|  |TAMS 0x00000000c5c00000, 0x00000000c5c00000| Untracked 
|  71|0x00000000c5d00000, 0x00000000c5d00000, 0x00000000c5e00000|  0%| F|  |TAMS 0x00000000c5d00000, 0x00000000c5d00000| Untracked 
|  72|0x00000000c5e00000, 0x00000000c5e35620, 0x00000000c5f00000| 20%| E|  |TAMS 0x00000000c5e00000, 0x00000000c5e00000| Complete 
|  73|0x00000000c5f00000, 0x00000000c6000000, 0x00000000c6000000|100%| E|  |TAMS 0x00000000c5f00000, 0x00000000c5f00000| Complete 
|  74|0x00000000c6000000, 0x00000000c6100000, 0x00000000c6100000|100%| E|CS|TAMS 0x00000000c6000000, 0x00000000c6000000| Complete 
|  75|0x00000000c6100000, 0x00000000c6200000, 0x00000000c6200000|100%| E|CS|TAMS 0x00000000c6100000, 0x00000000c6100000| Complete 
|  76|0x00000000c6200000, 0x00000000c6300000, 0x00000000c6300000|100%| E|CS|TAMS 0x00000000c6200000, 0x00000000c6200000| Complete 
|  77|0x00000000c6300000, 0x00000000c6400000, 0x00000000c6400000|100%| E|CS|TAMS 0x00000000c6300000, 0x00000000c6300000| Complete 
|  78|0x00000000c6400000, 0x00000000c6500000, 0x00000000c6500000|100%| E|CS|TAMS 0x00000000c6400000, 0x00000000c6400000| Complete 
|  79|0x00000000c6500000, 0x00000000c6600000, 0x00000000c6600000|100%| E|CS|TAMS 0x00000000c6500000, 0x00000000c6500000| Complete 
|  80|0x00000000c6600000, 0x00000000c6700000, 0x00000000c6700000|100%| E|CS|TAMS 0x00000000c6600000, 0x00000000c6600000| Complete 
|  81|0x00000000c6700000, 0x00000000c67a4580, 0x00000000c6800000| 64%| S|CS|TAMS 0x00000000c6700000, 0x00000000c6700000| Complete 
|  82|0x00000000c6800000, 0x00000000c6900000, 0x00000000c6900000|100%| E|CS|TAMS 0x00000000c6800000, 0x00000000c6800000| Complete 

Card table byte_map: [0x0000015bfed90000,0x0000015bfef90000] _byte_map_base: 0x0000015bfe785000

Marking Bits (Prev, Next): (CMBitMap*) 0x0000015bf54b5450, (CMBitMap*) 0x0000015bf54b5410
 Prev Bits: [0x0000015b8ffb0000, 0x0000015b90f58000)
 Next Bits: [0x0000015b8f000000, 0x0000015b8ffa8000)

Polling page: 0x0000015bf5510000

Metaspace:

Usage:
  Non-class:     57.52 MB used.
      Class:      8.87 MB used.
       Both:     66.39 MB used.

Virtual space:
  Non-class space:       64.00 MB reserved,      57.81 MB ( 90%) committed,  1 nodes.
      Class space:        1.00 GB reserved,       9.19 MB ( <1%) committed,  1 nodes.
             Both:        1.06 GB reserved,      67.00 MB (  6%) committed. 

Chunk freelists:
   Non-Class:  2.14 MB
       Class:  2.80 MB
        Both:  4.94 MB

MaxMetaspaceSize: unlimited
CompressedClassSpaceSize: 1.00 GB
Initial GC threshold: 21.00 MB
Current GC threshold: 98.69 MB
CDS: on
MetaspaceReclaimPolicy: balanced
 - commit_granule_bytes: 65536.
 - commit_granule_words: 8192.
 - virtual_space_node_default_size: 8388608.
 - enlarge_chunks_in_place: 1.
 - new_chunks_are_fully_committed: 0.
 - uncommit_free_chunks: 1.
 - use_allocation_guard: 0.


Internal statistics:

num_allocs_failed_limit: 9.
num_arena_births: 818.
num_arena_deaths: 0.
num_vsnodes_births: 2.
num_vsnodes_deaths: 0.
num_space_committed: 1072.
num_space_uncommitted: 0.
num_chunks_returned_to_freelist: 9.
num_chunks_taken_from_freelist: 3157.
num_chunk_merges: 9.
num_chunk_splits: 2277.
num_chunks_enlarged: 1851.
num_inconsistent_stats: 0.

CodeHeap 'non-profiled nmethods': size=120000Kb used=3638Kb max_used=3638Kb free=116361Kb
 bounds [0x0000015b87ad0000, 0x0000015b87e60000, 0x0000015b8f000000]
CodeHeap 'profiled nmethods': size=120000Kb used=12736Kb max_used=12736Kb free=107264Kb
 bounds [0x0000015b805a0000, 0x0000015b81210000, 0x0000015b87ad0000]
CodeHeap 'non-nmethods': size=5760Kb used=1338Kb max_used=1374Kb free=4421Kb
 bounds [0x0000015b80000000, 0x0000015b80270000, 0x0000015b805a0000]
 total_blobs=6907 nmethods=6252 adapters=567
 compilation: enabled
              stopped_count=0, restarted_count=0
 full_count=0

Compilation events (20 events):
Event: 30.440 Thread 0x0000015bff73f6b0 nmethod 7082 0x0000015b87e5ae90 code [0x0000015b87e5b0a0, 0x0000015b87e5b9d0]
Event: 30.440 Thread 0x0000015bff73f6b0 7080       4       jdk.internal.org.objectweb.asm.MethodWriter::visitTypeInsn (116 bytes)
Event: 30.446 Thread 0x0000015bff73f6b0 nmethod 7080 0x0000015b87e5c190 code [0x0000015b87e5c340, 0x0000015b87e5c6c8]
Event: 30.468 Thread 0x0000015bff73f6b0 7086       4       java.util.zip.CRC32::update (38 bytes)
Event: 30.470 Thread 0x0000015bff73f6b0 nmethod 7086 0x0000015b87e5cd10 code [0x0000015b87e5cea0, 0x0000015b87e5d058]
Event: 30.470 Thread 0x0000015bff73f6b0 7087       4       java.util.zip.CRC32::updateBytesCheck (35 bytes)
Event: 30.472 Thread 0x0000015bff73f6b0 nmethod 7087 0x0000015b87e5d290 code [0x0000015b87e5d400, 0x0000015b87e5d4d8]
Event: 30.490 Thread 0x0000015bff7420a0 7088       3       java.util.concurrent.atomic.AtomicInteger::getAndAdd (12 bytes)
Event: 30.490 Thread 0x0000015bff7420a0 nmethod 7088 0x0000015b8120ba90 code [0x0000015b8120bc20, 0x0000015b8120bd38]
Event: 30.497 Thread 0x0000015bff73f6b0 7089       4       java.lang.invoke.MemberName::getMethodOrFieldType (72 bytes)
Event: 30.512 Thread 0x0000015bff7420a0 7091       3       java.lang.ThreadLocal::<init> (12 bytes)
Event: 30.513 Thread 0x0000015bff7420a0 nmethod 7091 0x0000015b8120be10 code [0x0000015b8120bfc0, 0x0000015b8120c1e8]
Event: 30.513 Thread 0x0000015bff7420a0 7092       3       java.lang.ThreadLocal::nextHashCode (9 bytes)
Event: 30.513 Thread 0x0000015bff7420a0 nmethod 7092 0x0000015b8120c310 code [0x0000015b8120c4c0, 0x0000015b8120c608]
Event: 30.542 Thread 0x0000015bff7420a0 7093       3       java.util.Arrays::hashCode (56 bytes)
Event: 30.542 Thread 0x0000015bff7420a0 nmethod 7093 0x0000015b8120c710 code [0x0000015b8120c8c0, 0x0000015b8120cc28]
Event: 30.547 Thread 0x0000015bff7420a0 7095       3       java.util.regex.Pattern$Ques::match (196 bytes)
Event: 30.548 Thread 0x0000015bff7420a0 nmethod 7095 0x0000015b8120cd90 code [0x0000015b8120d020, 0x0000015b8120ddd8]
Event: 30.548 Thread 0x0000015bff7420a0 7096   !   3       jdk.internal.loader.URLClassPath$JarLoader::getResource (65 bytes)
Event: 30.549 Thread 0x0000015bff7420a0 nmethod 7096 0x0000015b8120e190 code [0x0000015b8120e3e0, 0x0000015b8120ee48]

GC Heap History (20 events):
Event: 22.017 GC heap before
{Heap before GC invocations=15 (full 0):
 garbage-first heap   total 70656K, used 55564K [0x00000000c1600000, 0x0000000100000000)
  region size 1024K, 29 young (29696K), 3 survivors (3072K)
 Metaspace       used 42404K, committed 42816K, reserved 1114112K
  class space    used 5472K, committed 5632K, reserved 1048576K
}
Event: 22.027 GC heap after
{Heap after GC invocations=16 (full 0):
 garbage-first heap   total 70656K, used 28640K [0x00000000c1600000, 0x0000000100000000)
  region size 1024K, 2 young (2048K), 2 survivors (2048K)
 Metaspace       used 42404K, committed 42816K, reserved 1114112K
  class space    used 5472K, committed 5632K, reserved 1048576K
}
Event: 22.720 GC heap before
{Heap before GC invocations=16 (full 0):
 garbage-first heap   total 70656K, used 55264K [0x00000000c1600000, 0x0000000100000000)
  region size 1024K, 28 young (28672K), 2 survivors (2048K)
 Metaspace       used 43617K, committed 44096K, reserved 1114112K
  class space    used 5639K, committed 5888K, reserved 1048576K
}
Event: 22.729 GC heap after
{Heap after GC invocations=17 (full 0):
 garbage-first heap   total 70656K, used 29387K [0x00000000c1600000, 0x0000000100000000)
  region size 1024K, 3 young (3072K), 3 survivors (3072K)
 Metaspace       used 43617K, committed 44096K, reserved 1114112K
  class space    used 5639K, committed 5888K, reserved 1048576K
}
Event: 23.471 GC heap before
{Heap before GC invocations=17 (full 0):
 garbage-first heap   total 70656K, used 56011K [0x00000000c1600000, 0x0000000100000000)
  region size 1024K, 29 young (29696K), 3 survivors (3072K)
 Metaspace       used 44652K, committed 45120K, reserved 1114112K
  class space    used 5800K, committed 6016K, reserved 1048576K
}
Event: 23.480 GC heap after
{Heap after GC invocations=18 (full 0):
 garbage-first heap   total 70656K, used 30642K [0x00000000c1600000, 0x0000000100000000)
  region size 1024K, 4 young (4096K), 4 survivors (4096K)
 Metaspace       used 44652K, committed 45120K, reserved 1114112K
  class space    used 5800K, committed 6016K, reserved 1048576K
}
Event: 24.579 GC heap before
{Heap before GC invocations=18 (full 0):
 garbage-first heap   total 70656K, used 55218K [0x00000000c1600000, 0x0000000100000000)
  region size 1024K, 29 young (29696K), 4 survivors (4096K)
 Metaspace       used 48426K, committed 48960K, reserved 1114112K
  class space    used 6260K, committed 6528K, reserved 1048576K
}
Event: 24.588 GC heap after
{Heap after GC invocations=19 (full 0):
 garbage-first heap   total 84992K, used 32601K [0x00000000c1600000, 0x0000000100000000)
  region size 1024K, 4 young (4096K), 4 survivors (4096K)
 Metaspace       used 48426K, committed 48960K, reserved 1114112K
  class space    used 6260K, committed 6528K, reserved 1048576K
}
Event: 25.611 GC heap before
{Heap before GC invocations=19 (full 0):
 garbage-first heap   total 84992K, used 66393K [0x00000000c1600000, 0x0000000100000000)
  region size 1024K, 37 young (37888K), 4 survivors (4096K)
 Metaspace       used 49367K, committed 49856K, reserved 1114112K
  class space    used 6388K, committed 6656K, reserved 1048576K
}
Event: 25.619 GC heap after
{Heap after GC invocations=20 (full 0):
 garbage-first heap   total 84992K, used 33984K [0x00000000c1600000, 0x0000000100000000)
  region size 1024K, 4 young (4096K), 4 survivors (4096K)
 Metaspace       used 49367K, committed 49856K, reserved 1114112K
  class space    used 6388K, committed 6656K, reserved 1048576K
}
Event: 26.196 GC heap before
{Heap before GC invocations=20 (full 0):
 garbage-first heap   total 84992K, used 67776K [0x00000000c1600000, 0x0000000100000000)
  region size 1024K, 37 young (37888K), 4 survivors (4096K)
 Metaspace       used 50142K, committed 50688K, reserved 1114112K
  class space    used 6478K, committed 6720K, reserved 1048576K
}
Event: 26.205 GC heap after
{Heap after GC invocations=21 (full 0):
 garbage-first heap   total 84992K, used 35827K [0x00000000c1600000, 0x0000000100000000)
  region size 1024K, 4 young (4096K), 4 survivors (4096K)
 Metaspace       used 50142K, committed 50688K, reserved 1114112K
  class space    used 6478K, committed 6720K, reserved 1048576K
}
Event: 27.128 GC heap before
{Heap before GC invocations=21 (full 0):
 garbage-first heap   total 84992K, used 67571K [0x00000000c1600000, 0x0000000100000000)
  region size 1024K, 35 young (35840K), 4 survivors (4096K)
 Metaspace       used 52107K, committed 52672K, reserved 1114112K
  class space    used 6721K, committed 6976K, reserved 1048576K
}
Event: 27.139 GC heap after
{Heap after GC invocations=22 (full 0):
 garbage-first heap   total 84992K, used 37273K [0x00000000c1600000, 0x0000000100000000)
  region size 1024K, 4 young (4096K), 4 survivors (4096K)
 Metaspace       used 52107K, committed 52672K, reserved 1114112K
  class space    used 6721K, committed 6976K, reserved 1048576K
}
Event: 28.741 GC heap before
{Heap before GC invocations=22 (full 0):
 garbage-first heap   total 84992K, used 59801K [0x00000000c1600000, 0x0000000100000000)
  region size 1024K, 27 young (27648K), 4 survivors (4096K)
 Metaspace       used 59766K, committed 60288K, reserved 1114112K
  class space    used 7851K, committed 8128K, reserved 1048576K
}
Event: 28.749 GC heap after
{Heap after GC invocations=23 (full 0):
 garbage-first heap   total 84992K, used 39393K [0x00000000c1600000, 0x0000000100000000)
  region size 1024K, 4 young (4096K), 4 survivors (4096K)
 Metaspace       used 59766K, committed 60288K, reserved 1114112K
  class space    used 7851K, committed 8128K, reserved 1048576K
}
Event: 30.005 GC heap before
{Heap before GC invocations=24 (full 0):
 garbage-first heap   total 84992K, used 68065K [0x00000000c1600000, 0x0000000100000000)
  region size 1024K, 32 young (32768K), 4 survivors (4096K)
 Metaspace       used 65174K, committed 65728K, reserved 1114112K
  class space    used 8579K, committed 8896K, reserved 1048576K
}
Event: 30.014 GC heap after
{Heap after GC invocations=25 (full 0):
 garbage-first heap   total 84992K, used 40920K [0x00000000c1600000, 0x0000000100000000)
  region size 1024K, 4 young (4096K), 4 survivors (4096K)
 Metaspace       used 65174K, committed 65728K, reserved 1114112K
  class space    used 8579K, committed 8896K, reserved 1048576K
}
Event: 30.079 GC heap before
{Heap before GC invocations=25 (full 0):
 garbage-first heap   total 84992K, used 41944K [0x00000000c1600000, 0x0000000100000000)
  region size 1024K, 5 young (5120K), 4 survivors (4096K)
 Metaspace       used 65504K, committed 66048K, reserved 1114112K
  class space    used 8661K, committed 8960K, reserved 1048576K
}
Event: 30.083 GC heap after
{Heap after GC invocations=26 (full 0):
 garbage-first heap   total 84992K, used 41263K [0x00000000c1600000, 0x0000000100000000)
  region size 1024K, 1 young (1024K), 1 survivors (1024K)
 Metaspace       used 65504K, committed 66048K, reserved 1114112K
  class space    used 8661K, committed 8960K, reserved 1048576K
}

Deoptimization events (20 events):
Event: 30.533 Thread 0x0000015bf5473380 Uncommon trap: trap_request=0xffffffc6 fr.pc=0x0000015b87e212bc relative=0x00000000000002fc
Event: 30.533 Thread 0x0000015bf5473380 Uncommon trap: reason=bimorphic_or_optimized_type_check action=maybe_recompile pc=0x0000015b87e212bc method=java.util.regex.Pattern$SliceI.match(Ljava/util/regex/Matcher;ILjava/lang/CharSequence;)Z @ 92 c2
Event: 30.533 Thread 0x0000015bf5473380 DEOPT PACKING pc=0x0000015b87e212bc sp=0x00000006d7afb9c0
Event: 30.533 Thread 0x0000015bf5473380 DEOPT UNPACKING pc=0x0000015b800523a3 sp=0x00000006d7afb948 mode 2
Event: 30.534 Thread 0x0000015bf5473380 Uncommon trap: trap_request=0xffffffc6 fr.pc=0x0000015b87e212bc relative=0x00000000000002fc
Event: 30.534 Thread 0x0000015bf5473380 Uncommon trap: reason=bimorphic_or_optimized_type_check action=maybe_recompile pc=0x0000015b87e212bc method=java.util.regex.Pattern$SliceI.match(Ljava/util/regex/Matcher;ILjava/lang/CharSequence;)Z @ 92 c2
Event: 30.534 Thread 0x0000015bf5473380 DEOPT PACKING pc=0x0000015b87e212bc sp=0x00000006d7afb8e0
Event: 30.534 Thread 0x0000015bf5473380 DEOPT UNPACKING pc=0x0000015b800523a3 sp=0x00000006d7afb868 mode 2
Event: 30.545 Thread 0x0000015bf5473380 Uncommon trap: trap_request=0xffffff54 fr.pc=0x0000015b87dffa3c relative=0x000000000000095c
Event: 30.545 Thread 0x0000015bf5473380 Uncommon trap: reason=speculate_null_assert action=make_not_entrant pc=0x0000015b87dffa3c method=java.util.jar.JarFile.getVersionedEntry(Ljava/lang/String;Ljava/util/jar/JarEntry;)Ljava/util/jar/JarEntry; @ 115 c2
Event: 30.545 Thread 0x0000015bf5473380 DEOPT PACKING pc=0x0000015b87dffa3c sp=0x00000006d7afa840
Event: 30.545 Thread 0x0000015bf5473380 DEOPT UNPACKING pc=0x0000015b800523a3 sp=0x00000006d7afa808 mode 2
Event: 30.545 Thread 0x0000015bf5473380 Uncommon trap: trap_request=0xffffff45 fr.pc=0x0000015b87b13aac relative=0x000000000000076c
Event: 30.545 Thread 0x0000015bf5473380 Uncommon trap: reason=unstable_if action=reinterpret pc=0x0000015b87b13aac method=java.util.jar.JarFile.getEntry(Ljava/lang/String;)Ljava/util/zip/ZipEntry; @ 15 c2
Event: 30.545 Thread 0x0000015bf5473380 DEOPT PACKING pc=0x0000015b87b13aac sp=0x00000006d7afa8d0
Event: 30.545 Thread 0x0000015bf5473380 DEOPT UNPACKING pc=0x0000015b800523a3 sp=0x00000006d7afa800 mode 2
Event: 30.547 Thread 0x0000015bf5473380 Uncommon trap: trap_request=0xffffffc6 fr.pc=0x0000015b87e212bc relative=0x00000000000002fc
Event: 30.547 Thread 0x0000015bf5473380 Uncommon trap: reason=bimorphic_or_optimized_type_check action=maybe_recompile pc=0x0000015b87e212bc method=java.util.regex.Pattern$SliceI.match(Ljava/util/regex/Matcher;ILjava/lang/CharSequence;)Z @ 92 c2
Event: 30.547 Thread 0x0000015bf5473380 DEOPT PACKING pc=0x0000015b87e212bc sp=0x00000006d7afb8f0
Event: 30.547 Thread 0x0000015bf5473380 DEOPT UNPACKING pc=0x0000015b800523a3 sp=0x00000006d7afb878 mode 2

Classes loaded (20 events):
Event: 29.515 Loading class javax/naming/StringRefAddr
Event: 29.516 Loading class javax/naming/StringRefAddr done
Event: 29.516 Loading class java/io/InvalidObjectException
Event: 29.516 Loading class java/io/InvalidObjectException done
Event: 30.119 Loading class java/util/AbstractList$SubList
Event: 30.120 Loading class java/util/AbstractList$SubList done
Event: 30.541 Loading class java/io/StreamCorruptedException
Event: 30.541 Loading class java/io/StreamCorruptedException done
Event: 30.543 Loading class java/io/ObjectInputStream$GetField
Event: 30.544 Loading class java/io/ObjectInputStream$GetField done
Event: 30.544 Loading class java/io/ObjectInputValidation
Event: 30.544 Loading class java/io/ObjectInputValidation done
Event: 30.544 Loading class java/io/NotActiveException
Event: 30.544 Loading class java/io/NotActiveException done
Event: 30.544 Loading class java/io/ObjectInputFilter
Event: 30.545 Loading class java/io/ObjectInputFilter done
Event: 30.547 Loading class java/io/ObjectInputFilter$FilterInfo
Event: 30.547 Loading class java/io/ObjectInputFilter$FilterInfo done
Event: 30.547 Loading class java/io/ObjectInputFilter$Status
Event: 30.547 Loading class java/io/ObjectInputFilter$Status done

Classes unloaded (0 events):
No events

Classes redefined (0 events):
No events

Internal exceptions (20 events):
Event: 23.338 Thread 0x0000015bf5473380 Exception <a 'java/lang/NoSuchMethodError'{0x00000000c46a9d80}: 'java.lang.Object java.lang.invoke.DirectMethodHandle$Holder.invokeVirtual(java.lang.Object, java.lang.Object, java.lang.Object, java.lang.Object, java.lang.Object, java.lang.Object)'> (0x00000000c46a9d80) 
thrown [s\open\src\hotspot\share\interpreter\linkResolver.cpp, line 759]
Event: 23.454 Thread 0x0000015bf5473380 Exception <a 'java/lang/NoSuchMethodError'{0x00000000c410fef0}: 'java.lang.Object java.lang.invoke.DirectMethodHandle$Holder.newInvokeSpecial(java.lang.Object, java.lang.Object, java.lang.Object, java.lang.Object, java.lang.Object, java.lang.Object, java.lang.Object, java.lang.Object, java.lang.Object)'> (0x00000000c410fef0) 
thrown [s\open\src\hotspot\share\interpreter\linkResolver.cpp, line 759]
Event: 23.454 Thread 0x0000015bf5473380 Exception <a 'java/lang/NoSuchMethodError'{0x00000000c4115690}: 'java.lang.Object java.lang.invoke.Invokers$Holder.linkToTargetMethod(java.lang.Object, java.lang.Object, java.lang.Object, java.lang.Object, java.lang.Object, java.lang.Object, java.lang.Object, java.lang.Object, java.lang.Object)'> (0x00000000c4115690) 
thrown [s\open\src\hotspot\share\interpreter\linkResolver.cpp, line 759]
Event: 23.595 Thread 0x0000015bf5473380 Exception <a 'sun/nio/fs/WindowsException'{0x00000000c57f1970}> (0x00000000c57f1970) 
thrown [s\open\src\hotspot\share\prims\jni.cpp, line 516]
Event: 24.312 Thread 0x0000015bf5473380 Exception <a 'java/lang/NoSuchMethodError'{0x00000000c4fe3ee8}: 'void java.lang.invoke.DirectMethodHandle$Holder.invokeVirtual(java.lang.Object, java.lang.Object, long)'> (0x00000000c4fe3ee8) 
thrown [s\open\src\hotspot\share\interpreter\linkResolver.cpp, line 759]
Event: 24.355 Thread 0x0000015bf5473380 Exception <a 'java/lang/NoSuchMethodError'{0x00000000c4e7dc70}: 'double java.lang.invoke.DirectMethodHandle$Holder.invokeVirtual(java.lang.Object, java.lang.Object)'> (0x00000000c4e7dc70) 
thrown [s\open\src\hotspot\share\interpreter\linkResolver.cpp, line 759]
Event: 24.588 Thread 0x0000015bf5473380 Implicit null exception at 0x0000015b87d389ec to 0x0000015b87d38c8c
Event: 24.753 Thread 0x0000015bf5473380 Exception <a 'java/lang/NoSuchMethodError'{0x00000000c628d318}: 'void java.lang.invoke.DirectMethodHandle$Holder.invokeInterface(java.lang.Object, java.lang.Object, int, java.lang.Object)'> (0x00000000c628d318) 
thrown [s\open\src\hotspot\share\interpreter\linkResolver.cpp, line 759]
Event: 24.754 Thread 0x0000015bf5473380 Exception <a 'java/lang/NoSuchMethodError'{0x00000000c6291a20}: 'void java.lang.invoke.DelegatingMethodHandle$Holder.reinvoke_L(java.lang.Object, java.lang.Object, int, java.lang.Object)'> (0x00000000c6291a20) 
thrown [s\open\src\hotspot\share\interpreter\linkResolver.cpp, line 759]
Event: 24.777 Thread 0x0000015bf5473380 Exception <a 'java/lang/NoSuchMethodError'{0x00000000c6163558}: 'void java.lang.invoke.Invokers$Holder.invokeExact_MT(java.lang.Object, java.lang.Object, int, java.lang.Object)'> (0x00000000c6163558) 
thrown [s\open\src\hotspot\share\interpreter\linkResolver.cpp, line 759]
Event: 25.144 Thread 0x0000015bf5473380 Implicit null exception at 0x0000015b87cff46c to 0x0000015b87cff51c
Event: 26.144 Thread 0x0000015bf5473380 Exception <a 'java/lang/NoSuchMethodError'{0x00000000c4a75078}: 'java.lang.Object java.lang.invoke.DirectMethodHandle$Holder.invokeVirtual(java.lang.Object, java.lang.Object, java.lang.Object, java.lang.Object, java.lang.Object, java.lang.Object, java.lang.Object, java.lang.Object)'> (0x00000000c4a75078) 
thrown [s\open\src\hotspot\share\interpreter\linkResolver.cpp, line 759]
Event: 26.145 Thread 0x0000015bf5473380 Exception <a 'java/lang/NoSuchMethodError'{0x00000000c4a7a9f8}: 'java.lang.Object java.lang.invoke.DirectMethodHandle$Holder.invokeSpecial(java.lang.Object, java.lang.Object, java.lang.Object, java.lang.Object, java.lang.Object, java.lang.Object, java.lang.Object, java.lang.Object, java.lang.Object)'> (0x00000000c4a7a9f8) 
thrown [s\open\src\hotspot\share\interpreter\linkResolver.cpp, line 759]
Event: 26.751 Thread 0x0000015bf5473380 Exception <a 'java/lang/NoSuchMethodError'{0x00000000c505c7e0}: 'java.lang.Object java.lang.invoke.DirectMethodHandle$Holder.newInvokeSpecial(java.lang.Object, java.lang.Object, java.lang.Object, java.lang.Object, java.lang.Object, java.lang.Object, java.lang.Object, java.lang.Object, java.lang.Object, java.lang.Object, java.lang.Object)'> (0x00000000c505c7e0) 
thrown [s\open\src\hotspot\share\interpreter\linkResolver.cpp, line 759]
Event: 26.752 Thread 0x0000015bf5473380 Exception <a 'java/lang/NoSuchMethodError'{0x00000000c5061628}: 'java.lang.Object java.lang.invoke.DirectMethodHandle$Holder.invokeSpecial(java.lang.Object, java.lang.Object, java.lang.Object, java.lang.Object, java.lang.Object, java.lang.Object, java.lang.Object, java.lang.Object, java.lang.Object, java.lang.Object, java.lang.Object, java.lang.Object)'> (0x00000000c5061628) 
thrown [s\open\src\hotspot\share\interpreter\linkResolver.cpp, line 759]
Event: 28.058 Thread 0x0000015bf5473380 Implicit null exception at 0x0000015b87aef0ed to 0x0000015b87aef6b0
Event: 29.219 Thread 0x0000015bf5473380 Implicit null exception at 0x0000015b87cb2eef to 0x0000015b87cb3214
Event: 29.534 Thread 0x0000015bf5473380 Exception <a 'java/lang/NoSuchMethodError'{0x00000000c55da208}: 'java.lang.Object java.lang.invoke.DirectMethodHandle$Holder.newInvokeSpecial(java.lang.Object, java.lang.Object, int, java.lang.Object, java.lang.Object)'> (0x00000000c55da208) 
thrown [s\open\src\hotspot\share\interpreter\linkResolver.cpp, line 759]
Event: 30.457 Thread 0x0000015bf5473380 Exception <a 'java/lang/NoSuchMethodError'{0x00000000c620e658}: 'void java.lang.invoke.DirectMethodHandle$Holder.invokeInterface(java.lang.Object, java.lang.Object)'> (0x00000000c620e658) 
thrown [s\open\src\hotspot\share\interpreter\linkResolver.cpp, line 759]
Event: 30.499 Thread 0x0000015bf5473380 Exception <a 'java/lang/NoSuchMethodError'{0x00000000c62afdb8}: 'java.lang.Object java.lang.invoke.DirectMethodHandle$Holder.invokeStaticInit(java.lang.Object, java.lang.Object, java.lang.Object, java.lang.Object, int, int)'> (0x00000000c62afdb8) 
thrown [s\open\src\hotspot\share\interpreter\linkResolver.cpp, line 759]

VM Operations (20 events):
Event: 27.776 Executing VM operation: HandshakeAllThreads
Event: 27.776 Executing VM operation: HandshakeAllThreads done
Event: 28.484 Executing VM operation: ICBufferFull
Event: 28.485 Executing VM operation: ICBufferFull done
Event: 28.490 Executing VM operation: HandshakeAllThreads
Event: 28.490 Executing VM operation: HandshakeAllThreads done
Event: 28.740 Executing VM operation: CollectForMetadataAllocation
Event: 28.750 Executing VM operation: CollectForMetadataAllocation done
Event: 28.861 Executing VM operation: G1Concurrent
Event: 28.880 Executing VM operation: G1Concurrent done
Event: 28.916 Executing VM operation: HandshakeAllThreads
Event: 28.916 Executing VM operation: HandshakeAllThreads done
Event: 28.924 Executing VM operation: G1Concurrent
Event: 28.925 Executing VM operation: G1Concurrent done
Event: 29.929 Executing VM operation: Cleanup
Event: 29.930 Executing VM operation: Cleanup done
Event: 30.004 Executing VM operation: G1CollectForAllocation
Event: 30.015 Executing VM operation: G1CollectForAllocation done
Event: 30.078 Executing VM operation: G1CollectForAllocation
Event: 30.084 Executing VM operation: G1CollectForAllocation done

Events (20 events):
Event: 20.308 Thread 0x0000015bff756520 flushing nmethod 0x0000015b80f48b90
Event: 20.308 Thread 0x0000015bff756520 flushing nmethod 0x0000015b80f4e510
Event: 20.308 Thread 0x0000015bff756520 flushing nmethod 0x0000015b80f4ed10
Event: 20.308 Thread 0x0000015bff756520 flushing nmethod 0x0000015b80f54890
Event: 20.308 Thread 0x0000015bff756520 flushing nmethod 0x0000015b80f5b790
Event: 20.308 Thread 0x0000015bff756520 flushing nmethod 0x0000015b80f63290
Event: 20.308 Thread 0x0000015bff756520 flushing nmethod 0x0000015b80f98a10
Event: 20.309 Thread 0x0000015bff756520 flushing nmethod 0x0000015b81041d90
Event: 21.166 Loaded shared library C:\Program Files\Java\jdk-18.0.2\bin\sunmscapi.dll
Event: 21.826 Thread 0x0000015b98312c90 Thread added: 0x0000015b98312c90
Event: 23.060 Thread 0x0000015b98311480 Thread added: 0x0000015b98311480
Event: 25.104 Thread 0x0000015b9931b670 Thread added: 0x0000015b9931b670
Event: 26.687 Thread 0x0000015b99315630 Thread added: 0x0000015b99315630
Event: 26.691 Thread 0x0000015b99318650 Thread added: 0x0000015b99318650
Event: 26.697 Thread 0x0000015b9931c9b0 Thread added: 0x0000015b9931c9b0
Event: 27.789 Thread 0x0000015bff756520 flushing nmethod 0x0000015b80a95910
Event: 27.791 Thread 0x0000015bff756520 flushing nmethod 0x0000015b80c78510
Event: 27.791 Thread 0x0000015bff756520 flushing nmethod 0x0000015b80c78a10
Event: 28.908 Thread 0x0000015b99317310 Thread added: 0x0000015b99317310
Event: 29.027 Thread 0x0000015b9931acd0 Thread added: 0x0000015b9931acd0


Dynamic libraries:
0x00007ff78a270000 - 0x00007ff78a280000 	C:\Program Files\Java\jdk-18.0.2\bin\java.exe
0x00007ff9dda70000 - 0x00007ff9ddc87000 	C:\WINDOWS\SYSTEM32\ntdll.dll
0x00007ff9dba40000 - 0x00007ff9dbb04000 	C:\WINDOWS\System32\KERNEL32.DLL
0x00007ff9db230000 - 0x00007ff9db5d6000 	C:\WINDOWS\System32\KERNELBASE.dll
0x00007ff9dae80000 - 0x00007ff9daf91000 	C:\WINDOWS\System32\ucrtbase.dll
0x00007ff9d0a20000 - 0x00007ff9d0a3a000 	C:\Program Files\Java\jdk-18.0.2\bin\VCRUNTIME140.dll
0x00007ff9d14e0000 - 0x00007ff9d14f8000 	C:\Program Files\Java\jdk-18.0.2\bin\jli.dll
0x00007ff9db980000 - 0x00007ff9dba33000 	C:\WINDOWS\System32\ADVAPI32.dll
0x00007ff9dd980000 - 0x00007ff9dda27000 	C:\WINDOWS\System32\msvcrt.dll
0x00007ff9dc2d0000 - 0x00007ff9dc378000 	C:\WINDOWS\System32\sechost.dll
0x00007ff9db710000 - 0x00007ff9db738000 	C:\WINDOWS\System32\bcrypt.dll
0x00007ff9db7e0000 - 0x00007ff9db8f7000 	C:\WINDOWS\System32\RPCRT4.dll
0x00007ff9dc380000 - 0x00007ff9dc52e000 	C:\WINDOWS\System32\USER32.dll
0x00007ff9dadb0000 - 0x00007ff9dadd6000 	C:\WINDOWS\System32\win32u.dll
0x00007ff9dd2f0000 - 0x00007ff9dd319000 	C:\WINDOWS\System32\GDI32.dll
0x00007ff9bf6b0000 - 0x00007ff9bf943000 	C:\WINDOWS\WinSxS\amd64_microsoft.windows.common-controls_6595b64144ccf1df_6.0.22621.2506_none_270c5ae97388e100\COMCTL32.dll
0x00007ff9dafa0000 - 0x00007ff9db0b8000 	C:\WINDOWS\System32\gdi32full.dll
0x00007ff9dade0000 - 0x00007ff9dae7a000 	C:\WINDOWS\System32\msvcp_win.dll
0x00007ff9d1220000 - 0x00007ff9d122a000 	C:\WINDOWS\SYSTEM32\VERSION.dll
0x00007ff9dc290000 - 0x00007ff9dc2c1000 	C:\WINDOWS\System32\IMM32.DLL
0x00007ff9d2300000 - 0x00007ff9d230c000 	C:\Program Files\Java\jdk-18.0.2\bin\vcruntime140_1.dll
0x00007ff99e7c0000 - 0x00007ff99e84d000 	C:\Program Files\Java\jdk-18.0.2\bin\msvcp140.dll
0x00007ff978a70000 - 0x00007ff979681000 	C:\Program Files\Java\jdk-18.0.2\bin\server\jvm.dll
0x00007ff9dc100000 - 0x00007ff9dc108000 	C:\WINDOWS\System32\PSAPI.DLL
0x00007ff9d1890000 - 0x00007ff9d18c4000 	C:\WINDOWS\SYSTEM32\WINMM.dll
0x00007ff9b7b50000 - 0x00007ff9b7b59000 	C:\WINDOWS\SYSTEM32\WSOCK32.dll
0x00007ff9db900000 - 0x00007ff9db971000 	C:\WINDOWS\System32\WS2_32.dll
0x00007ff9d9da0000 - 0x00007ff9d9db8000 	C:\WINDOWS\SYSTEM32\kernel.appcore.dll
0x00007ff9d1f50000 - 0x00007ff9d1f5a000 	C:\Program Files\Java\jdk-18.0.2\bin\jimage.dll
0x00007ff9d8910000 - 0x00007ff9d8b43000 	C:\WINDOWS\SYSTEM32\DBGHELP.DLL
0x00007ff9dd570000 - 0x00007ff9dd8f9000 	C:\WINDOWS\System32\combase.dll
0x00007ff9dd210000 - 0x00007ff9dd2e7000 	C:\WINDOWS\System32\OLEAUT32.dll
0x00007ff9cb1a0000 - 0x00007ff9cb1d2000 	C:\WINDOWS\SYSTEM32\dbgcore.DLL
0x00007ff9db740000 - 0x00007ff9db7ba000 	C:\WINDOWS\System32\bcryptPrimitives.dll
0x00007ff9d1ab0000 - 0x00007ff9d1abe000 	C:\Program Files\Java\jdk-18.0.2\bin\instrument.dll
0x00007ff9cb6a0000 - 0x00007ff9cb6c5000 	C:\Program Files\Java\jdk-18.0.2\bin\java.dll
0x00007ff992ce0000 - 0x00007ff992db6000 	C:\Program Files\Java\jdk-18.0.2\bin\jsvml.dll
0x00007ff9dc530000 - 0x00007ff9dcd8a000 	C:\WINDOWS\System32\SHELL32.dll
0x00007ff9d8cb0000 - 0x00007ff9d95a6000 	C:\WINDOWS\SYSTEM32\windows.storage.dll
0x00007ff9d8b70000 - 0x00007ff9d8cae000 	C:\WINDOWS\SYSTEM32\wintypes.dll
0x00007ff9dbb10000 - 0x00007ff9dbc03000 	C:\WINDOWS\System32\SHCORE.dll
0x00007ff9dbc30000 - 0x00007ff9dbc8e000 	C:\WINDOWS\System32\shlwapi.dll
0x00007ff9dace0000 - 0x00007ff9dad06000 	C:\WINDOWS\SYSTEM32\profapi.dll
0x00007ff9cc3f0000 - 0x00007ff9cc408000 	C:\Program Files\Java\jdk-18.0.2\bin\zip.dll
0x00007ff9cc2f0000 - 0x00007ff9cc303000 	C:\Program Files\Java\jdk-18.0.2\bin\net.dll
0x00007ff9d0e60000 - 0x00007ff9d0f97000 	C:\WINDOWS\SYSTEM32\WINHTTP.dll
0x00007ff9da220000 - 0x00007ff9da289000 	C:\WINDOWS\system32\mswsock.dll
0x00007ff9cb500000 - 0x00007ff9cb516000 	C:\Program Files\Java\jdk-18.0.2\bin\nio.dll
0x00007ff9ca1a0000 - 0x00007ff9ca1ba000 	C:\Program Files\JetBrains\IntelliJ IDEA Community Edition 2023.3.2\bin\breakgen64.dll
0x00007ff9d1960000 - 0x00007ff9d1970000 	C:\Program Files\Java\jdk-18.0.2\bin\verify.dll
0x00007ff9d9810000 - 0x00007ff9d983d000 	C:\WINDOWS\SYSTEM32\IPHLPAPI.DLL
0x00007ff9dc0f0000 - 0x00007ff9dc0f9000 	C:\WINDOWS\System32\NSI.dll
0x00007ff9d3f90000 - 0x00007ff9d3fa9000 	C:\WINDOWS\SYSTEM32\dhcpcsvc6.DLL
0x00007ff9d0c40000 - 0x00007ff9d0c5f000 	C:\WINDOWS\SYSTEM32\dhcpcsvc.DLL
0x00007ff9d9880000 - 0x00007ff9d9979000 	C:\WINDOWS\SYSTEM32\DNSAPI.dll
0x00007ff9d17c0000 - 0x00007ff9d17ca000 	C:\Windows\System32\rasadhlp.dll
0x00007ff9d1230000 - 0x00007ff9d12b3000 	C:\WINDOWS\System32\fwpuclnt.dll
0x00007ff9d18d0000 - 0x00007ff9d18d9000 	C:\Program Files\Java\jdk-18.0.2\bin\management.dll
0x00007ff9d1510000 - 0x00007ff9d151b000 	C:\Program Files\Java\jdk-18.0.2\bin\management_ext.dll
0x00007ff9b2130000 - 0x00007ff9b2147000 	C:\WINDOWS\system32\napinsp.dll
0x00007ff9b1cb0000 - 0x00007ff9b1ccb000 	C:\WINDOWS\system32\pnrpnsp.dll
0x00007ff9b1c90000 - 0x00007ff9b1ca1000 	C:\WINDOWS\System32\winrnr.dll
0x00007ff9d1870000 - 0x00007ff9d1885000 	C:\WINDOWS\system32\wshbth.dll
0x00007ff9b1c60000 - 0x00007ff9b1c81000 	C:\WINDOWS\system32\nlansp_c.dll
0x00007ff9da490000 - 0x00007ff9da4ab000 	C:\WINDOWS\SYSTEM32\CRYPTSP.dll
0x00007ff9d9d00000 - 0x00007ff9d9d35000 	C:\WINDOWS\system32\rsaenh.dll
0x00007ff9da330000 - 0x00007ff9da35c000 	C:\WINDOWS\SYSTEM32\USERENV.dll
0x00007ff9da4b0000 - 0x00007ff9da4bc000 	C:\WINDOWS\SYSTEM32\CRYPTBASE.dll
0x00007ff9d0bc0000 - 0x00007ff9d0bce000 	C:\Program Files\Java\jdk-18.0.2\bin\sunmscapi.dll
0x00007ff9db0c0000 - 0x00007ff9db226000 	C:\WINDOWS\System32\CRYPT32.dll
0x00007ff9da670000 - 0x00007ff9da69e000 	C:\WINDOWS\SYSTEM32\ncrypt.dll
0x00007ff9da630000 - 0x00007ff9da667000 	C:\WINDOWS\SYSTEM32\NTASN1.dll

dbghelp: loaded successfully - version: 4.0.5 - missing functions: none
symbol engine: initialized successfully - sym options: 0x614 - pdb path: .;C:\Program Files\Java\jdk-18.0.2\bin;C:\WINDOWS\SYSTEM32;C:\WINDOWS\WinSxS\amd64_microsoft.windows.common-controls_6595b64144ccf1df_6.0.22621.2506_none_270c5ae97388e100;C:\Program Files\Java\jdk-18.0.2\bin\server;C:\Program Files\JetBrains\IntelliJ IDEA Community Edition 2023.3.2\bin

VM Arguments:
jvm_args: -javaagent:C:\Program Files\JetBrains\IntelliJ IDEA Community Edition 2023.3.2\lib\idea_rt.jar=52004:C:\Program Files\JetBrains\IntelliJ IDEA Community Edition 2023.3.2\bin -Dfile.encoding=UTF-8 -Dsun.stdout.encoding=UTF-8 -Dsun.stderr.encoding=UTF-8 
java_command: net.javaguides.departmentservice.DepartmentServiceApplication
java_class_path (initial): C:\Coding\springboot-microservices-main\springboot-microservices\department-service\target\classes;C:\Users\Mohd Muzaffar\.m2\repository\org\springframework\boot\spring-boot-starter-data-jpa\2.7.4\spring-boot-starter-data-jpa-2.7.4.jar;C:\Users\Mohd Muzaffar\.m2\repository\org\springframework\boot\spring-boot-starter-aop\2.7.4\spring-boot-starter-aop-2.7.4.jar;C:\Users\Mohd Muzaffar\.m2\repository\org\springframework\spring-aop\5.3.23\spring-aop-5.3.23.jar;C:\Users\Mohd Muzaffar\.m2\repository\org\aspectj\aspectjweaver\1.9.7\aspectjweaver-1.9.7.jar;C:\Users\Mohd Muzaffar\.m2\repository\org\springframework\boot\spring-boot-starter-jdbc\2.7.4\spring-boot-starter-jdbc-2.7.4.jar;C:\Users\Mohd Muzaffar\.m2\repository\com\zaxxer\HikariCP\4.0.3\HikariCP-4.0.3.jar;C:\Users\Mohd Muzaffar\.m2\repository\org\springframework\spring-jdbc\5.3.23\spring-jdbc-5.3.23.jar;C:\Users\Mohd Muzaffar\.m2\repository\jakarta\transaction\jakarta.transaction-api\1.3.3\jakarta.transaction-api-1.3.3.jar;C:\Users\Mohd Muzaffar\.m2\repository\jakarta\persistence\jakarta.persistence-api\2.2.3\jakarta.persistence-api-2.2.3.jar;C:\Users\Mohd Muzaffar\.m2\repository\org\hibernate\hibernate-core\5.6.11.Final\hibernate-core-5.6.11.Final.jar;C:\Users\Mohd Muzaffar\.m2\repository\org\jboss\logging\jboss-logging\3.4.3.Final\jboss-logging-3.4.3.Final.jar;C:\Users\Mohd Muzaffar\.m2\repository\net\bytebuddy\byte-buddy\1.12.17\byte-buddy-1.12.17.jar;C:\Users\Mohd Muzaffar\.m2\repository\antlr\antlr\2.7.7\antlr-2.7.7.jar;C:\Users\Mohd Muzaffar\.m2\repository\org\jboss\jandex\2.4.2.Final\jandex-2.4.2.Final.jar;C:\Users\Mohd Muzaffar\.m2\repository\com\fasterxml\classmate\1.5.1\classmate-1.5.1.jar;C:\Users\Mohd Muzaffar\.m2\repository\org\hibernate\common\hibernate-commons-annotations\5.1.2.Final\hibernate-commons-annotations-5.1.2.Final.jar;C:\Users\Mohd Muzaffar\.m2\repository\org\glassfish\jaxb\jaxb-runtime\2.3.6\jaxb-runtime-2.3.6.jar;C:\Users\Mohd Muzaffar\.m2\repository\org\glassfish\jaxb\txw2\2.3.6\txw2-2.3.6.jar;C:\Users\Mohd Muzaffar\.m2\repository\com\sun\istack\istack-commons-runtime\3.0.12\istack-commons-runtime-3.0.12.jar;C:\Users\Mohd Muzaffar\.m2\repository\com\sun\activation\jakarta.activation\1.2.2\jakarta.activation-1.2.2.jar;C:\Users\Mohd Muzaffar\.m2\repository\org\springframework\data\spring-data-jpa\2.7.3\spring-data-jpa-2.7.3.jar;C:\Users\Mohd Muzaffar\.m2\repository\org\springframework\data\spring-data-commons\2.7.3\spring-data-commons-2.7.3.jar;C:\Users\Mohd Muzaffar\.m2\repository\org\springframework\spring-orm\5.3.23\spring-orm-5.3.23.jar;C:\Users\Mohd Muzaffar\.m2\repository\org\springframework\spring-context\5.3.23\spring-context-5.3.23.jar;C:\Users\Mohd Muzaffar\.m2\repository\org\springframework\spring-tx\5.3.23\spring-tx-5.3.23.jar;C:\Users\Mohd Muzaffar\.m2\repository\org\springframework\spring-beans\5.3.23\spring-beans-5.3.23.jar;C:\Users\Mohd Muzaffar\.m2\repository\org\slf4j\slf4j-api\1.7.36\slf4j-api-1.7.36.jar;C:\Users\Mohd Muzaffar\.m2\repository\org\springframework\spring-aspects\5.3.23\spring-aspects-5.3.23.jar;C:\Users\Mohd Muzaffar\.m2\repository\org\springframework\boot\spring-boot-starter-web\2.7.4\spring-boot-starter-web-2.7.4.jar;C:\Users\Mohd Muzaffar\.m2\repository\org\springframework\boot\spring-boot-starter\2.7.4\spring-boot-starter-2.7.4.jar;C:\Users\Mohd Muzaffar\.m2\repository\org\springframework\boot\spring-boot\2.7.4\spring-boot-2.7.4.jar;C:\Users\Mohd Muzaffar\.m2\repository\org\springframework\boot\spring-boot-autoconfigure\2.7.4\spring-boot-autoconfigure-2.7.4.jar;C:\Users\Mohd Muzaffar\.m2\repository\org\springframework\boot\spring-boot-starter-logging\2.7.4\spring-boot-starter-logging-2.7.4.jar;C:\Users\Mohd Muzaffar\.m2\repository\ch\qos\logback\logback-classic\1.2.11\logback-classic-1.2.11.jar;C:\Users\Mohd Muzaffar\.m2\repository\ch\qos\logback\logback-core\1.2.11\logback-core-1.2.11.jar;C:\Users\Mohd Muzaffar\.m2\repository\org\apache\logging\log4j\log4j-to-slf4j\2.17.2\log4j-to-slf4j-2.17.2.jar;C:\Users\Mohd Muzaffar\.m2\repository\org\apache\logging\log4j\log4j-api\2.17.2\log4j-api-2.17.2.jar;C:\Users\Mohd Muzaffar\.m2\repository\org\slf4j\jul-to-slf4j\1.7.36\jul-to-slf4j-1.7.36.jar;C:\Users\Mohd Muzaffar\.m2\repository\jakarta\annotation\jakarta.annotation-api\1.3.5\jakarta.annotation-api-1.3.5.jar;C:\Users\Mohd Muzaffar\.m2\repository\org\yaml\snakeyaml\1.30\snakeyaml-1.30.jar;C:\Users\Mohd Muzaffar\.m2\repository\org\springframework\boot\spring-boot-starter-json\2.7.4\spring-boot-starter-json-2.7.4.jar;C:\Users\Mohd Muzaffar\.m2\repository\com\fasterxml\jackson\datatype\jackson-datatype-jdk8\2.13.4\jackson-datatype-jdk8-2.13.4.jar;C:\Users\Mohd Muzaffar\.m2\repository\com\fasterxml\jackson\datatype\jackson-datatype-jsr310\2.13.4\jackson-datatype-jsr310-2.13.4.jar;C:\Users\Mohd Muzaffar\.m2\repository\com\fasterxml\jackson\module\jackson-module-parameter-names\2.13.4\jackson-module-parameter-names-2.13.4.jar;C:\Users\Mohd Muzaffar\.m2\repository\org\springframework\boot\spring-boot-starter-tomcat\2.7.4\spring-boot-starter-tomcat-2.7.4.jar;C:\Users\Mohd Muzaffar\.m2\repository\org\apache\tomcat\embed\tomcat-embed-core\9.0.65\tomcat-embed-core-9.0.65.jar;C:\Users\Mohd Muzaffar\.m2\repository\org\apache\tomcat\embed\tomcat-embed-el\9.0.65\tomcat-embed-el-9.0.65.jar;C:\Users\Mohd Muzaffar\.m2\repository\org\apache\tomcat\embed\tomcat-embed-websocket\9.0.65\tomcat-embed-websocket-9.0.65.jar;C:\Users\Mohd Muzaffar\.m2\repository\org\springframework\spring-web\5.3.23\spring-web-5.3.23.jar;C:\Users\Mohd Muzaffar\.m2\repository\org\springframework\spring-webmvc\5.3.23\spring-webmvc-5.3.23.jar;C:\Users\Mohd Muzaffar\.m2\repository\org\springframework\spring-expression\5.3.23\spring-expression-5.3.23.jar;C:\Users\Mohd Muzaffar\.m2\repository\mysql\mysql-connector-java\8.0.30\mysql-connector-java-8.0.30.jar;C:\Users\Mohd Muzaffar\.m2\repository\org\projectlombok\lombok\1.18.24\lombok-1.18.24.jar;C:\Users\Mohd Muzaffar\.m2\repository\jakarta\xml\bind\jakarta.xml.bind-api\2.3.3\jakarta.xml.bind-api-2.3.3.jar;C:\Users\Mohd Muzaffar\.m2\repository\jakarta\activation\jakarta.activation-api\1.2.2\jakarta.activation-api-1.2.2.jar;C:\Users\Mohd Muzaffar\.m2\repository\org\springframework\spring-core\5.3.23\spring-core-5.3.23.jar;C:\Users\Mohd Muzaffar\.m2\repository\org\springframework\spring-jcl\5.3.23\spring-jcl-5.3.23.jar;C:\Users\Mohd Muzaffar\.m2\repository\org\springframework\cloud\spring-cloud-starter-netflix-eureka-client\3.1.4\spring-cloud-starter-netflix-eureka-client-3.1.4.jar;C:\Users\Mohd Muzaffar\.m2\repository\org\springframework\cloud\spring-cloud-starter\3.1.4\spring-cloud-starter-3.1.4.jar;C:\Users\Mohd Muzaffar\.m2\repository\org\springframework\cloud\spring-cloud-context\3.1.4\spring-cloud-context-3.1.4.jar;C:\Users\Mohd Muzaffar\.m2\repository\org\springframework\security\spring-security-rsa\1.0.11.RELEASE\spring-security-rsa-1.0.11.RELEASE.jar;C:\Users\Mohd Muzaffar\.m2\repository\org\bouncycastle\bcpkix-jdk15on\1.69\bcpkix-jdk15on-1.69.jar;C:\Users\Mohd Muzaffar\.m2\repository\org\bouncycastle\bcprov-jdk15on\1.69\bcprov-jdk15on-1.69.jar;C:\Users\Mohd Muzaffar\.m2\repository\org\bouncycastle\bcutil-jdk15on\1.69\bcutil-jdk15on-1.69.jar;C:\Users\Mohd Muzaffar\.m2\repository\org\springframework\cloud\spring-cloud-netflix-eureka-client\3.1.4\spring-cloud-netflix-eureka-client-3.1.4.jar;C:\Users\Mohd Muzaffar\.m2\repository\com\netflix\eureka\eureka-client\1.10.17\eureka-client-1.10.17.jar;C:\Users\Mohd Muzaffar\.m2\repository\com\netflix\netflix-commons\netflix-eventbus\0.3.0\netflix-eventbus-0.3.0.jar;C:\Users\Mohd Muzaffar\.m2\repository\com\netflix\netflix-commons\netflix-infix\0.3.0\netflix-infix-0.3.0.jar;C:\Users\Mohd Muzaffar\.m2\repository\commons-jxpath\commons-jxpath\1.3\commons-jxpath-1.3.jar;C:\Users\Mohd Muzaffar\.m2\repository\joda-time\joda-time\2.3\joda-time-2.3.jar;C:\Users\Mohd Muzaffar\.m2\repository\org\antlr\antlr-runtime\3.4\antlr-runtime-3.4.jar;C:\Users\Mohd Muzaffar\.m2\repository\org\antlr\stringtemplate\3.2.1\stringtemplate-3.2.1.jar;C:\Users\Mohd Muzaffar\.m2\repository\com\google\code\gson\gson\2.9.1\gson-2.9.1.jar;C:\Users\Mohd Muzaffar\.m2\repository\org\apache\commons\commons-math\2.2\commons-math-2.2.jar;C:\Users\Mohd Muzaffar\.m2\repository\com\thoughtworks\xstream\xstream\1.4.18\xstream-1.4.18.jar;C:\Users\Mohd Muzaffar\.m2\repository\io\github\x-stream\mxparser\1.2.2\mxparser-1.2.2.jar;C:\Users\Mohd Muzaffar\.m2\repository\xmlpull\xmlpull\1.1.3.1\xmlpull-1.1.3.1.jar;C:\Users\Mohd Muzaffar\.m2\repository\javax\ws\rs\jsr311-api\1.1.1\jsr311-api-1.1.1.jar;C:\Users\Mohd Muzaffar\.m2\repository\com\netflix\servo\servo-core\0.12.21\servo-core-0.12.21.jar;C:\Users\Mohd Muzaffar\.m2\repository\com\google\guava\guava\19.0\guava-19.0.jar;C:\Users\Mohd Muzaffar\.m2\repository\org\apache\httpcomponents\httpclient\4.5.13\httpclient-4.5.13.jar;C:\Users\Mohd Muzaffar\.m2\repository\org\apache\httpcomponents\httpcore\4.4.15\httpcore-4.4.15.jar;C:\Users\Mohd Muzaffar\.m2\repository\commons-codec\commons-codec\1.15\commons-codec-1.15.jar;C:\Users\Mohd Muzaffar\.m2\repository\commons-configuration\commons-configuration\1.10\commons-configuration-1.10.jar;C:\Users\Mohd Muzaffar\.m2\repository\commons-lang\commons-lang\2.6\commons-lang-2.6.jar;C:\Users\Mohd Muzaffar\.m2\repository\com\google\inject\guice\4.1.0\guice-4.1.0.jar;C:\Users\Mohd Muzaffar\.m2\repository\javax\inject\javax.inject\1\javax.inject-1.jar;C:\Users\Mohd Muzaffar\.m2\repository\com\fasterxml\jackson\core\jackson-annotations\2.13.4\jackson-annotations-2.13.4.jar;C:\Users\Mohd Muzaffar\.m2\repository\com\fasterxml\jackson\core\jackson-core\2.13.4\jackson-core-2.13.4.jar;C:\Users\Mohd Muzaffar\.m2\repository\org\codehaus\jettison\jettison\1.4.0\jettison-1.4.0.jar;C:\Users\Mohd Muzaffar\.m2\repository\com\netflix\eureka\eureka-core\1.10.17\eureka-core-1.10.17.jar;C:\Users\Mohd Muzaffar\.m2\repository\com\fasterxml\woodstox\woodstox-core\6.2.1\woodstox-core-6.2.1.jar;C:\Users\Mohd Muzaffar\.m2\repository\org\codehaus\woodstox\stax2-api\4.2.1\stax2-api-4.2.1.jar;C:\Users\Mohd Muzaffar\.m2\repository\org\springframework\cloud\spring-cloud-starter-loadbalancer\3.1.4\spring-cloud-starter-loadbalancer-3.1.4.jar;C:\Users\Mohd Muzaffar\.m2\repository\org\springframework\cloud\spring-cloud-loadbalancer\3.1.4\spring-cloud-loadbalancer-3.1.4.jar;C:\Users\Mohd Muzaffar\.m2\repository\io\projectreactor\reactor-core\3.4.23\reactor-core-3.4.23.jar;C:\Users\Mohd Muzaffar\.m2\repository\org\reactivestreams\reactive-streams\1.0.4\reactive-streams-1.0.4.jar;C:\Users\Mohd Muzaffar\.m2\repository\io\projectreactor\addons\reactor-extra\3.4.8\reactor-extra-3.4.8.jar;C:\Users\Mohd Muzaffar\.m2\repository\org\springframework\boot\spring-boot-starter-cache\2.7.4\spring-boot-starter-cache-2.7.4.jar;C:\Users\Mohd Muzaffar\.m2\repository\org\springframework\spring-context-support\5.3.23\spring-context-support-5.3.23.jar;C:\Users\Mohd Muzaffar\.m2\repository\com\stoyanr\evictor\1.0.0\evictor-1.0.0.jar;C:\Users\Mohd Muzaffar\.m2\repository\org\springframework\boot\spring-boot-starter-actuator\2.7.4\spring-boot-starter-actuator-2.7.4.jar;C:\Users\Mohd Muzaffar\.m2\repository\org\springframework\boot\spring-boot-actuator-autoconfigure\2.7.4\spring-boot-actuator-autoconfigure-2.7.4.jar;C:\Users\Mohd Muzaffar\.m2\repository\org\springframework\boot\spring-boot-actuator\2.7.4\spring-boot-actuator-2.7.4.jar;C:\Users\Mohd Muzaffar\.m2\repository\io\micrometer\micrometer-core\1.9.4\micrometer-core-1.9.4.jar;C:\Users\Mohd Muzaffar\.m2\repository\org\hdrhistogram\HdrHistogram\2.1.12\HdrHistogram-2.1.12.jar;C:\Users\Mohd Muzaffar\.m2\repository\org\latencyutils\LatencyUtils\2.0.3\LatencyUtils-2.0.3.jar;C:\Users\Mohd Muzaffar\.m2\repository\org\springframework\cloud\spring-cloud-starter-config\3.1.4\spring-cloud-starter-config-3.1.4.jar;C:\Users\Mohd Muzaffar\.m2\repository\org\springframework\cloud\spring-cloud-config-client\3.1.4\spring-cloud-config-client-3.1.4.jar;C:\Users\Mohd Muzaffar\.m2\repository\com\fasterxml\jackson\core\jackson-databind\2.13.4\jackson-databind-2.13.4.jar;C:\Users\Mohd Muzaffar\.m2\repository\org\springframework\cloud\spring-cloud-starter-bus-amqp\3.1.2\spring-cloud-starter-bus-amqp-3.1.2.jar;C:\Users\Mohd Muzaffar\.m2\repository\org\springframework\cloud\spring-cloud-starter-stream-rabbit\3.2.5\spring-cloud-starter-stream-rabbit-3.2.5.jar;C:\Users\Mohd Muzaffar\.m2\repository\org\springframework\cloud\spring-cloud-stream-binder-rabbit\3.2.5\spring-cloud-stream-binder-rabbit-3.2.5.jar;C:\Users\Mohd Muzaffar\.m2\repository\org\springframework\cloud\spring-cloud-stream-binder-rabbit-core\3.2.5\spring-cloud-stream-binder-rabbit-core-3.2.5.jar;C:\Users\Mohd Muzaffar\.m2\repository\org\springframework\integration\spring-integration-amqp\5.5.15\spring-integration-amqp-5.5.15.jar;C:\Users\Mohd Muzaffar\.m2\repository\com\rabbitmq\http-client\2.1.0.RELEASE\http-client-2.1.0.RELEASE.jar;C:\Users\Mohd Muzaffar\.m2\repository\org\springframework\cloud\spring-cloud-stream\3.2.5\spring-cloud-stream-3.2.5.jar;C:\Users\Mohd Muzaffar\.m2\repository\org\springframework\boot\spring-boot-starter-validation\2.7.4\spring-boot-starter-validation-2.7.4.jar;C:\Users\Mohd Muzaffar\.m2\repository\org\hibernate\validator\hibernate-validator\6.2.5.Final\hibernate-validator-6.2.5.Final.jar;C:\Users\Mohd Muzaffar\.m2\repository\jakarta\validation\jakarta.validation-api\2.0.2\jakarta.validation-api-2.0.2.jar;C:\Users\Mohd Muzaffar\.m2\repository\org\springframework\cloud\spring-cloud-function-context\3.2.7\spring-cloud-function-context-3.2.7.jar;C:\Users\Mohd Muzaffar\.m2\repository\net\jodah\typetools\0.6.2\typetools-0.6.2.jar;C:\Users\Mohd Muzaffar\.m2\repository\org\springframework\cloud\spring-cloud-function-core\3.2.7\spring-cloud-function-core-3.2.7.jar;C:\Users\Mohd Muzaffar\.m2\repository\javax\annotation\javax.annotation-api\1.3.2\javax.annotation-api-1.3.2.jar;C:\Users\Mohd Muzaffar\.m2\repository\org\jetbrains\kotlin\kotlin-stdlib-jdk8\1.6.21\kotlin-stdlib-jdk8-1.6.21.jar;C:\Users\Mohd Muzaffar\.m2\repository\org\jetbrains\kotlin\kotlin-stdlib\1.6.21\kotlin-stdlib-1.6.21.jar;C:\Users\Mohd Muzaffar\.m2\repository\org\jetbrains\kotlin\kotlin-stdlib-common\1.6.21\kotlin-stdlib-common-1.6.21.jar;C:\Users\Mohd Muzaffar\.m2\repository\org\jetbrains\annotations\13.0\annotations-13.0.jar;C:\Users\Mohd Muzaffar\.m2\repository\org\jetbrains\kotlin\kotlin-stdlib-jdk7\1.6.21\kotlin-stdlib-jdk7-1.6.21.jar;C:\Users\Mohd Muzaffar\.m2\repository\org\springframework\boot\spring-boot-starter-amqp\2.7.4\spring-boot-starter-amqp-2.7.4.jar;C:\Users\Mohd Muzaffar\.m2\repository\org\springframework\amqp\spring-rabbit\2.4.7\spring-rabbit-2.4.7.jar;C:\Users\Mohd Muzaffar\.m2\repository\org\springframework\amqp\spring-amqp\2.4.7\spring-amqp-2.4.7.jar;C:\Users\Mohd Muzaffar\.m2\repository\com\rabbitmq\amqp-client\5.14.2\amqp-client-5.14.2.jar;C:\Users\Mohd Muzaffar\.m2\repository\org\springframework\integration\spring-integration-jmx\5.5.15\spring-integration-jmx-5.5.15.jar;C:\Users\Mohd Muzaffar\.m2\repository\org\springframework\cloud\spring-cloud-bus\3.1.2\spring-cloud-bus-3.1.2.jar;C:\Users\Mohd Muzaffar\.m2\repository\org\springframework\integration\spring-integration-core\5.5.15\spring-integration-core-5.5.15.jar;C:\Users\Mohd Muzaffar\.m2\repository\org\springframework\spring-messaging\5.3.23\spring-messaging-5.3.23.jar;C:\Users\Mohd Muzaffar\.m2\repository\org\springframework\retry\spring-retry\1.3.3\spring-retry-1.3.3.jar;C:\Users\Mohd Muzaffar\.m2\repository\org\springframework\cloud\spring-cloud-starter-sleuth\3.1.4\spring-cloud-starter-sleuth-3.1.4.jar;C:\Users\Mohd Muzaffar\.m2\repository\org\springframework\cloud\spring-cloud-sleuth-autoconfigure\3.1.4\spring-cloud-sleuth-autoconfigure-3.1.4.jar;C:\Users\Mohd Muzaffar\.m2\repository\org\aspectj\aspectjrt\1.9.7\aspectjrt-1.9.7.jar;C:\Users\Mohd Muzaffar\.m2\repository\org\springframework\cloud\spring-cloud-sleuth-brave\3.1.4\spring-cloud-sleuth-brave-3.1.4.jar;C:\Users\Mohd Muzaffar\.m2\repository\io\zipkin\brave\brave\5.13.9\brave-5.13.9.jar;C:\Users\Mohd Muzaffar\.m2\repository\io\zipkin\brave\brave-context-slf4j\5.13.9\brave-context-slf4j-5.13.9.jar;C:\Users\Mohd Muzaffar\.m2\repository\io\zipkin\brave\brave-instrumentation-messaging\5.13.9\brave-instrumentation-messaging-5.13.9.jar;C:\Users\Mohd Muzaffar\.m2\repository\io\zipkin\brave\brave-instrumentation-rpc\5.13.9\brave-instrumentation-rpc-5.13.9.jar;C:\Users\Mohd Muzaffar\.m2\repository\io\zipkin\brave\brave-instrumentation-spring-rabbit\5.13.9\brave-instrumentation-spring-rabbit-5.13.9.jar;C:\Users\Mohd Muzaffar\.m2\repository\io\zipkin\brave\brave-instrumentation-kafka-clients\5.13.9\brave-instrumentation-kafka-clients-5.13.9.jar;C:\Users\Mohd Muzaffar\.m2\repository\io\zipkin\brave\brave-instrumentation-kafka-streams\5.13.9\brave-instrumentation-kafka-streams-5.13.9.jar;C:\Users\Mohd Muzaffar\.m2\repository\io\zipkin\brave\brave-instrumentation-httpclient\5.13.9\brave-instrumentation-httpclient-5.13.9.jar;C:\Users\Mohd Muzaffar\.m2\repository\io\zipkin\brave\brave-instrumentation-http\5.13.9\brave-instrumentation-http-5.13.9.jar;C:\Users\Mohd Muzaffar\.m2\repository\io\zipkin\brave\brave-instrumentation-httpasyncclient\5.13.9\brave-instrumentation-httpasyncclient-5.13.9.jar;C:\Users\Mohd Muzaffar\.m2\repository\io\zipkin\brave\brave-instrumentation-jms\5.13.9\brave-instrumentation-jms-5.13.9.jar;C:\Users\Mohd Muzaffar\.m2\repository\io\zipkin\brave\brave-instrumentation-mongodb\5.13.9\brave-instrumentation-mongodb-5.13.9.jar;C:\Users\Mohd Muzaffar\.m2\repository\io\zipkin\aws\brave-propagation-aws\0.21.3\brave-propagation-aws-0.21.3.jar;C:\Users\Mohd Muzaffar\.m2\repository\io\zipkin\reporter2\zipkin-reporter-metrics-micrometer\2.16.3\zipkin-reporter-metrics-micrometer-2.16.3.jar;C:\Users\Mohd Muzaffar\.m2\repository\org\springframework\cloud\spring-cloud-sleuth-zipkin\3.1.4\spring-cloud-sleuth-zipkin-3.1.4.jar;C:\Users\Mohd Muzaffar\.m2\repository\org\springframework\cloud\spring-cloud-sleuth-instrumentation\3.1.4\spring-cloud-sleuth-instrumentation-3.1.4.jar;C:\Users\Mohd Muzaffar\.m2\repository\org\springframework\cloud\spring-cloud-sleuth-api\3.1.4\spring-cloud-sleuth-api-3.1.4.jar;C:\Users\Mohd Muzaffar\.m2\repository\org\springframework\cloud\spring-cloud-commons\3.1.4\spring-cloud-commons-3.1.4.jar;C:\Users\Mohd Muzaffar\.m2\repository\org\springframework\security\spring-security-crypto\5.7.3\spring-security-crypto-5.7.3.jar;C:\Users\Mohd Muzaffar\.m2\repository\io\zipkin\zipkin2\zipkin\2.23.2\zipkin-2.23.2.jar;C:\Users\Mohd Muzaffar\.m2\repository\io\zipkin\reporter2\zipkin-reporter\2.16.3\zipkin-reporter-2.16.3.jar;C:\Users\Mohd Muzaffar\.m2\repository\io\zipkin\reporter2\zipkin-reporter-brave\2.16.3\zipkin-reporter-brave-2.16.3.jar;C:\Users\Mohd Muzaffar\.m2\repository\io\zipkin\reporter2\zipkin-sender-kafka\2.16.3\zipkin-sender-kafka-2.16.3.jar;C:\Users\Mohd Muzaffar\.m2\repository\io\zipkin\reporter2\zipkin-sender-activemq-client\2.16.3\zipkin-sender-activemq-client-2.16.3.jar;C:\Users\Mohd Muzaffar\.m2\repository\io\zipkin\reporter2\zipkin-sender-amqp-client\2.16.3\zipkin-sender-amqp-client-2.16.3.jar
Launcher Type: SUN_STANDARD

[Global flags]
     intx CICompilerCount                          = 3                                         {product} {ergonomic}
     uint ConcGCThreads                            = 1                                         {product} {ergonomic}
     uint G1ConcRefinementThreads                  = 4                                         {product} {ergonomic}
   size_t G1HeapRegionSize                         = 1048576                                   {product} {ergonomic}
    uintx GCDrainStackTargetSize                   = 64                                        {product} {ergonomic}
   size_t InitialHeapSize                          = 67108864                                  {product} {ergonomic}
   size_t MarkStackSize                            = 4194304                                   {product} {ergonomic}
   size_t MaxHeapSize                              = 1050673152                                {product} {ergonomic}
   size_t MaxNewSize                               = 630194176                                 {product} {ergonomic}
   size_t MinHeapDeltaBytes                        = 1048576                                   {product} {ergonomic}
   size_t MinHeapSize                              = 8388608                                   {product} {ergonomic}
    uintx NonNMethodCodeHeapSize                   = 5832780                                {pd product} {ergonomic}
    uintx NonProfiledCodeHeapSize                  = 122912730                              {pd product} {ergonomic}
    uintx ProfiledCodeHeapSize                     = 122912730                              {pd product} {ergonomic}
    uintx ReservedCodeCacheSize                    = 251658240                              {pd product} {ergonomic}
     bool SegmentedCodeCache                       = true                                      {product} {ergonomic}
   size_t SoftMaxHeapSize                          = 1050673152                             {manageable} {ergonomic}
     bool UseCompressedClassPointers               = true                           {product lp64_product} {ergonomic}
     bool UseCompressedOops                        = true                           {product lp64_product} {ergonomic}
     bool UseG1GC                                  = true                                      {product} {ergonomic}
     bool UseLargePagesIndividualAllocation        = false                                  {pd product} {ergonomic}

Logging:
Log output configuration:
 #0: stdout all=warning uptime,level,tags foldmultilines=false
 #1: stderr all=off uptime,level,tags foldmultilines=false

Environment Variables:
JAVA_HOME=C:\Program Files\Java\jdk-18.0.2
CLASSPATH=C:\Program Files\Apache Software Foundation\Tomcat 10.0\lib\servlet-api.jar;C:\oracle21c\product\21c\dbhomeXE\jdbc\lib\ojdbc8_g.jar;C:\Program Files\Java\jdk-18.0.2\bin\;
PATH=C:\oracle21c\product\21c\dbhomeXE\bin;C:\oracle\dbhomeXE\bin;C:\Program Files\Common Files\Oracle\Java\javapath;D:\oracle\dbhomeXE\bin;C:\WINDOWS\system32;C:\WINDOWS;C:\WINDOWS\System32\Wbem;C:\WINDOWS\System32\WindowsPowerShell\v1.0\;C:\WINDOWS\System32\OpenSSH\;C:\Program Files\Git\cmd;C:\Program Files (x86)\Microsoft SQL Server\160\Tools\Binn\;C:\Program Files\Microsoft SQL Server\160\Tools\Binn\;C:\Program Files\Microsoft SQL Server\Client SDK\ODBC\170\Tools\Binn\;C:\Program Files\Microsoft SQL Server\160\DTS\Binn\;C:\Users\Mohd Muzaffar\apache-maven-3.9.3-bin\apache-maven-3.9.3\bin;C:\Program Files\nodejs\;C:\Program Files\Docker\Docker\resources\bin;C:\Program Files\MySQL\MySQL Shell 8.0\bin\;C:\Program Files\Java\jdk-18.0.2\bin;C:\Users\Mohd Muzaffar\AppData\Local\Programs\Microsoft VS Code\bin;C:\Users\Mohd Muzaffar\AppData\Local\Microsoft\WindowsApps;;C:\Users\Mohd Muzaffar\AppData\Local\Programs\Hyper\resources\bin;C:\Users\Mohd Muzaffar\AppData\Roaming\npm
USERNAME=Mohd Muzaffar
OS=Windows_NT
PROCESSOR_IDENTIFIER=Intel64 Family 6 Model 142 Stepping 10, GenuineIntel



---------------  S Y S T E M  ---------------

OS:
 Windows 11 , 64 bit Build 22621 (10.0.22621.2506)
OS uptime: 26 days 12:30 hours
Hyper-V role detected

CPU: total 4 (initial active 4) (2 cores per cpu, 2 threads per core) family 6 model 142 stepping 10 microcode 0xe0, cx8, cmov, fxsr, ht, mmx, 3dnowpref, sse, sse2, sse3, ssse3, sse4.1, sse4.2, popcnt, lzcnt, tsc, tscinvbit, avx, avx2, aes, erms, clmul, bmi1, bmi2, adx, fma, vzeroupper, clflush, clflushopt, hv

Memory: 4k page, system-wide physical 4001M (105M free)
TotalPageFile size 16289M (AvailPageFile size 1M)
current process WorkingSet (physical memory assigned to process): 248M, peak: 253M
current process commit charge ("private bytes"): 286M, peak: 286M

vm_info: Java HotSpot(TM) 64-Bit Server VM (18.0.2+9-61) for windows-amd64 JRE (18.0.2+9-61), built on Jun  7 2022 13:09:01 by "mach5one" with MS VC++ 16.8 / 16.9 (VS2019)

END.
